Build started 01.05.2018 15:43:41.
     1>Project "C:\Users\Pawel-Notebook\Desktop\Proj\SPobiekt\SPobiekt.vcxproj" on node 2 (build target(s)).
     1>InitializeBuildStatus:
         Creating ".\Debug\SPobiekt.unsuccessfulbuild" because "AlwaysCreate" was specified.
       ClCompile:
         All outputs are up-to-date.
       ResourceCompile:
         All outputs are up-to-date.
       ManifestResourceCompile:
         All outputs are up-to-date.
       Link:
         All outputs are up-to-date.
       Manifest:
         All outputs are up-to-date.
       FinalizeBuildStatus:
         Deleting file ".\Debug\SPobiekt.unsuccessfulbuild".
         Touching ".\Debug\SPobiekt.lastbuildstate".
     1>Done Building Project "C:\Users\Pawel-Notebook\Desktop\Proj\SPobiekt\SPobiekt.vcxproj" (build target(s)).

Build succeeded.

Time Elapsed 00:00:00.07
