D:\SEMESTR6\PROJEKTWBUDOWANE2\SPOBIEKT\DEBUG\WORKOBIEKT.OBJ
D:\SEMESTR6\PROJEKTWBUDOWANE2\SPOBIEKT\DEBUG\VC110.PDB
D:\SEMESTR6\PROJEKTWBUDOWANE2\SPOBIEKT\DEBUG\SPOBIEKT.ILK
D:\SEMESTR6\PROJEKTWBUDOWANE2\SPOBIEKT\DEBUG\SPOBIEKT.EXE
D:\SEMESTR6\PROJEKTWBUDOWANE2\SPOBIEKT\DEBUG\SPOBIEKT.PDB
D:\SEMESTR6\PROJEKTWBUDOWANE2\SPOBIEKT\DEBUG\SPOBIEKT.RES
D:\semestr6\projektwbudowane2\SPobiekt\Debug\WorkObiekt.obj
D:\semestr6\projektwbudowane2\SPobiekt\Debug\SPobiekt.ilk
D:\semestr6\projektwbudowane2\SPobiekt\Debug\cl.command.1.tlog
D:\semestr6\projektwbudowane2\SPobiekt\Debug\CL.read.1.tlog
D:\semestr6\projektwbudowane2\SPobiekt\Debug\CL.write.1.tlog
D:\semestr6\projektwbudowane2\SPobiekt\Debug\link-cvtres.read.1.tlog
D:\semestr6\projektwbudowane2\SPobiekt\Debug\link-cvtres.write.1.tlog
D:\semestr6\projektwbudowane2\SPobiekt\Debug\link-rc.read.1.tlog
D:\semestr6\projektwbudowane2\SPobiekt\Debug\link-rc.write.1.tlog
D:\semestr6\projektwbudowane2\SPobiekt\Debug\link.command.1.tlog
D:\semestr6\projektwbudowane2\SPobiekt\Debug\link.read.1.tlog
D:\semestr6\projektwbudowane2\SPobiekt\Debug\link.write.1.tlog
D:\semestr6\projektwbudowane2\SPobiekt\Debug\rc.command.1.tlog
D:\semestr6\projektwbudowane2\SPobiekt\Debug\rc.read.1.tlog
D:\semestr6\projektwbudowane2\SPobiekt\Debug\rc.write.1.tlog
D:\semestr6\projektwbudowane2\SPobiekt\Debug\SPobiekt.res
D:\semestr6\projektwbudowane2\SPobiekt\Debug\vc110.idb
D:\semestr6\projektwbudowane2\SPobiekt\Debug\SPobiekt.pdb
D:\semestr6\projektwbudowane2\SPobiekt\Debug\vc110.pdb
D:\semestr6\projektwbudowane2\SPobiekt\.\Debug\SPobiekt.exe
